poviderCodeKey123 = \n'143'arProperties = \narray (
  'ID' => '143',
  'PERSON_TYPE_ID' => '1',
  'NAME' => 'Данные доставки Apiship: код провайдера доставки',
  'TYPE' => 'TEXT',
  'REQUIRED' => 'N',
  'DEFAULT_VALUE' => '',
  'SORT' => '100',
  'USER_PROPS' => 'N',
  'IS_LOCATION' => 'N',
  'PROPS_GROUP_ID' => '2',
  'DESCRIPTION' => 'Содержит код выбранного провайдера: cdek, dpd, iml и т.п.',
  'IS_EMAIL' => 'N',
  'IS_PROFILE_NAME' => 'N',
  'IS_PAYER' => 'N',
  'IS_LOCATION4TAX' => 'N',
  'IS_FILTERED' => 'Y',
  'CODE' => 'IPOLAPISHIP_DD_PROVIDERKEY',
  'IS_ZIP' => 'N',
  'IS_PHONE' => 'N',
  'IS_ADDRESS' => 'N',
  'IS_ADDRESS_FROM' => 'N',
  'IS_ADDRESS_TO' => 'N',
  'ACTIVE' => 'Y',
  'UTIL' => 'Y',
  'INPUT_FIELD_LOCATION' => '0',
  'MULTIPLE' => 'N',
  'ENTITY_TYPE' => 'ORDER',
  'SIZE' => 10,
  'RELATION' => 
  array (
  ),
  'VALUE' => '',
  'GROUP_NAME' => 'Данные для доставки',
  'FIELD_NAME' => '143',
  'FIELD_ID' => 'ORDER_PROP_IPOLAPISHIP_DD_PROVIDERKEY',
  'SOURCE' => 'DEFAULT',
  'VALUE_FORMATED' => '',
)codeProperty = \narray (
  'ID' => '143',
  'PERSON_TYPE_ID' => '1',
  'NAME' => 'Данные доставки Apiship: код провайдера доставки',
  'TYPE' => 'TEXT',
  'REQUIRED' => 'N',
  'DEFAULT_VALUE' => '',
  'SORT' => '100',
  'USER_PROPS' => 'N',
  'IS_LOCATION' => 'N',
  'PROPS_GROUP_ID' => '2',
  'DESCRIPTION' => 'Содержит код выбранного провайдера: cdek, dpd, iml и т.п.',
  'IS_EMAIL' => 'N',
  'IS_PROFILE_NAME' => 'N',
  'IS_PAYER' => 'N',
  'IS_LOCATION4TAX' => 'N',
  'IS_FILTERED' => 'Y',
  'CODE' => 'IPOLAPISHIP_DD_PROVIDERKEY',
  'IS_ZIP' => 'N',
  'IS_PHONE' => 'N',
  'IS_ADDRESS' => 'N',
  'IS_ADDRESS_FROM' => 'N',
  'IS_ADDRESS_TO' => 'N',
  'ACTIVE' => 'Y',
  'UTIL' => 'Y',
  'INPUT_FIELD_LOCATION' => '0',
  'MULTIPLE' => 'N',
  'ENTITY_TYPE' => 'ORDER',
  'SIZE' => 10,
  'RELATION' => 
  array (
  ),
  'VALUE' => '',
  'GROUP_NAME' => 'Данные для доставки',
  'FIELD_NAME' => '143',
  'FIELD_ID' => 'ORDER_PROP_IPOLAPISHIP_DD_PROVIDERKEY',
  'SOURCE' => 'DEFAULT',
  'VALUE_FORMATED' => '',
)